<?xml version="1.0" encoding="UTF-8"?>
<!-- Generated by org.testng.reporters.JUnitReportReporter -->
<testsuite skipped="0" hostname="LAPTOP-G32GGVN8" name="com.naukari.qa.testcases.LoginPageTest" tests="2" failures="0" timestamp="2020-05-11T22:19:34 IST" time="24.434" errors="0">
  <testcase name="LoginPageTitleTest" time="11.494" classname="com.naukari.qa.testcases.LoginPageTest"/>
  <testcase name="LoginTest" time="12.940" classname="com.naukari.qa.testcases.LoginPageTest"/>
</testsuite> <!-- com.naukari.qa.testcases.LoginPageTest -->
