<?xml version="1.0" encoding="UTF-8"?>
<!-- Generated by org.testng.reporters.JUnitReportReporter -->
<testsuite skipped="0" hostname="LAPTOP-G32GGVN8" name="com.naukari.qa.testcases.HomePageTest" tests="1" failures="0" timestamp="2020-06-07T20:46:25 IST" time="23.275" errors="0">
  <testcase name="verifyHomePageTitleTest" time="23.275" classname="com.naukari.qa.testcases.HomePageTest"/>
</testsuite> <!-- com.naukari.qa.testcases.HomePageTest -->
