<?xml version="1.0" encoding="UTF-8"?>
<!-- Generated by org.testng.reporters.JUnitReportReporter -->
<testsuite skipped="0" hostname="LAPTOP-G32GGVN8" name="com.naukari.qa.testcases.ProfilePageTest" tests="3" failures="0" timestamp="2020-06-06T20:23:39 IST" time="72.150" errors="0">
  <testcase name="verifyProfilePageTitleTest" time="23.843" classname="com.naukari.qa.testcases.ProfilePageTest"/>
  <testcase name="deleteResumefromProfile" time="25.867" classname="com.naukari.qa.testcases.ProfilePageTest"/>
  <testcase name="uploadResumeToProfile" time="22.440" classname="com.naukari.qa.testcases.ProfilePageTest"/>
</testsuite> <!-- com.naukari.qa.testcases.ProfilePageTest -->
